<?xml version="1.0" encoding="UTF-8"?>
<testng-results ignored="0" total="2" passed="2" failed="0" skipped="0">
  <reporter-output>
  </reporter-output>
  <suite started-at="2022-11-29T10:38:15 IST" name="Suite" finished-at="2022-11-29T10:38:44 IST" duration-ms="29030">
    <groups>
    </groups>
    <test started-at="2022-11-29T10:38:15 IST" name="Test_Chrome" finished-at="2022-11-29T10:38:31 IST" duration-ms="15515">
      <class name="Com.Test.Test_001">
        <test-method is-config="true" signature="SetUp(java.lang.String)[pri:0, instance:Com.Test.Test_001@496bc455]" started-at="2022-11-29T10:38:16 IST" name="SetUp" finished-at="2022-11-29T10:38:28 IST" duration-ms="12695" status="PASS">
          <params>
            <param index="0">
              <value>
                <![CDATA[Chrome]]>
              </value>
            </param>
          </params>
          <reporter-output>
          </reporter-output>
        </test-method> <!-- SetUp -->
        <test-method signature="verifyTest_001()[pri:0, instance:Com.Test.Test_001@496bc455]" started-at="2022-11-29T10:38:28 IST" name="verifyTest_001" finished-at="2022-11-29T10:38:30 IST" duration-ms="2008" status="PASS">
          <reporter-output>
          </reporter-output>
        </test-method> <!-- verifyTest_001 -->
        <test-method is-config="true" signature="TearDown()[pri:0, instance:Com.Test.Test_001@496bc455]" started-at="2022-11-29T10:38:30 IST" name="TearDown" finished-at="2022-11-29T10:38:31 IST" duration-ms="690" status="PASS">
          <reporter-output>
          </reporter-output>
        </test-method> <!-- TearDown -->
      </class> <!-- Com.Test.Test_001 -->
    </test> <!-- Test_Chrome -->
    <test started-at="2022-11-29T10:38:32 IST" name="Test_Edge" finished-at="2022-11-29T10:38:44 IST" duration-ms="12115">
      <class name="Com.Test.Test_001">
        <test-method is-config="true" signature="ConfigSetup()[pri:0, instance:Com.Test.Test_001@5b799640]" started-at="2022-11-29T10:38:13 IST" name="ConfigSetup" finished-at="2022-11-29T10:38:15 IST" duration-ms="2430" status="PASS">
          <reporter-output>
          </reporter-output>
        </test-method> <!-- ConfigSetup -->
        <test-method is-config="true" signature="SetUp(java.lang.String)[pri:0, instance:Com.Test.Test_001@5b799640]" started-at="2022-11-29T10:38:32 IST" name="SetUp" finished-at="2022-11-29T10:38:41 IST" duration-ms="8911" status="PASS">
          <params>
            <param index="0">
              <value>
                <![CDATA[Edge]]>
              </value>
            </param>
          </params>
          <reporter-output>
          </reporter-output>
        </test-method> <!-- SetUp -->
        <test-method signature="verifyTest_001()[pri:0, instance:Com.Test.Test_001@5b799640]" started-at="2022-11-29T10:38:41 IST" name="verifyTest_001" finished-at="2022-11-29T10:38:43 IST" duration-ms="2135" status="PASS">
          <reporter-output>
          </reporter-output>
        </test-method> <!-- verifyTest_001 -->
        <test-method is-config="true" signature="TearDown()[pri:0, instance:Com.Test.Test_001@5b799640]" started-at="2022-11-29T10:38:43 IST" name="TearDown" finished-at="2022-11-29T10:38:44 IST" duration-ms="1060" status="PASS">
          <reporter-output>
          </reporter-output>
        </test-method> <!-- TearDown -->
      </class> <!-- Com.Test.Test_001 -->
    </test> <!-- Test_Edge -->
  </suite> <!-- Suite -->
</testng-results>
